make all --print-data-base --no-builtin-variables --no-builtin-rules --question
# GNU Make 3.81
# Copyright (C) 2006  Free Software Foundation, Inc.
# This is free software; see the source for copying conditions.
# There is NO warranty; not even for MERCHANTABILITY or FITNESS FOR A
# PARTICULAR PURPOSE.

# This program built for i386-apple-darwin11.3.0
 

# Make data base, printed on Wed Jul 13 09:02:49 2022

# Variables

# environment
VSCODE_GIT_ASKPASS_MAIN = /Applications/Visual Studio Code.app/Contents/Resources/app/extensions/git/dist/askpass-main.js
# automatic
<D = $(patsubst %/,%,$(dir $<))
# automatic
?F = $(notdir $?)
# environment
ELECTRON_NO_ATTACH_CONSOLE = 1
# environment
NVM_INC = /Users/joseph/.nvm/versions/node/v18.4.0/include/node
# automatic
?D = $(patsubst %/,%,$(dir $?))
# environment
BASH_SILENCE_DEPRECATION_WARNING = 1
# automatic
@D = $(patsubst %/,%,$(dir $@))
# automatic
@F = $(notdir $@)
# makefile
CURDIR := /Users/joseph/Code/alx/ml-microservice-kubernetes
# makefile
SHELL = /bin/sh
# environment
VSCODE_NLS_CONFIG = {"locale":"en-gb","availableLanguages":{},"_languagePackSupport":true}
# environment
_ = /usr/bin/make
# makefile (from `Makefile', line 1)
MAKEFILE_LIST :=  Makefile
# environment
__CFBundleIdentifier = com.microsoft.VSCode
# environment
VSCODE_CWD = /Users/joseph/Code/alx/ml-microservice-kubernetes
# environment
PATH = /Users/joseph/.nvm/versions/node/v18.4.0/bin:/usr/local/sbin:/opt/terraform:/Users/joseph/.npm-global/bin:/usr/local/bin:/usr/bin:/bin:/usr/sbin:/sbin:/Library/Apple/usr/bin:/Users/joseph/.nvm/versions/node/v18.4.0/bin:/usr/local/sbin:/opt/terraform:/Users/joseph/.npm-global/bin:/usr/local/go/bin:/usr/local/go/bin
# environment
VSCODE_INSPECTOR_OPTIONS = :::{"inspectorIpc":"/var/folders/hl/wbn180fx62j61mnxwtt3txnm0000gn/T/node-cdp.44176-1.sock.deferred","deferredMode":true,"waitForDebugger":"","execPath":"/Users/joseph/.nvm/versions/node/v18.4.0/bin/node","onlyEntrypoint":false,"autoAttachMode":"onlyWithFlag"}
# environment
NVM_BIN = /Users/joseph/.nvm/versions/node/v18.4.0/bin
# environment
LaunchInstanceID = EEA56B56-F6DF-4E41-9C28-9CDCBF08CCA7
# environment
ELECTRON_RUN_AS_NODE = 1
# default
.FEATURES := target-specific order-only second-expansion else-if archives jobserver check-symlink
# environment
SSH_AUTH_SOCK = /private/tmp/com.apple.launchd.WSqsAtwhPs/Listeners
# environment
NODE_OPTIONS = $(subst ,,                                )
# automatic
%F = $(notdir $%)
# environment
PWD = /Users/joseph/Code/alx/ml-microservice-kubernetes
# environment
ORIGINAL_XDG_CURRENT_DESKTOP = undefined
# environment
VSCODE_AMD_ENTRYPOINT = vs/workbench/api/node/extensionHostProcess
# environment
HOME = /Users/joseph
# default
MAKEFILEPATH := /Applications/Xcode.app/Contents/Developer/Makefiles
# environment
VSCODE_CLI = 1
# environment
VSCODE_CODE_CACHE_PATH = /Users/joseph/Library/Application Support/Code/CachedData/92d25e35d9bf1a6b16f7d0758f25d48ace11e5b9
# environment
LOGNAME = joseph
# environment
APPLICATION_INSIGHTS_NO_DIAGNOSTIC_CHANNEL = 1
# environment
NVM_CD_FLAGS = 
# environment
VSCODE_HANDLES_UNCAUGHT_ERRORS = true
# automatic
^D = $(patsubst %/,%,$(dir $^))
# environment
MAKELEVEL := 0
# environment
XPC_FLAGS = 0x0
# environment
COLORTERM = truecolor
# default
MAKE = $(MAKE_COMMAND)
# default
MAKECMDGOALS := all
# environment
SHLVL = 5
# default
MAKE_VERSION := 3.81
# environment
USER = joseph
# makefile
.DEFAULT_GOAL := setup
# automatic
%D = $(patsubst %/,%,$(dir $%))
# default
MAKE_COMMAND := /Applications/Xcode.app/Contents/Developer/usr/bin/make
# environment
VSCODE_GIT_ASKPASS_EXTRA_ARGS = --ms-enable-electron-run-as-node
# environment
TERM_PROGRAM = vscode
# default
.VARIABLES := 
# environment
TMPDIR = /var/folders/hl/wbn180fx62j61mnxwtt3txnm0000gn/T/
# automatic
*F = $(notdir $*)
# environment
VSCODE_IPC_HOOK = /Users/joseph/Library/Application Support/Code/1.69.0-main.sock
# environment
VSCODE_GIT_ASKPASS_NODE = /Applications/Visual Studio Code.app/Contents/Frameworks/Code Helper.app/Contents/MacOS/Code Helper
# environment
MallocNanoZone = 0
# makefile
MAKEFLAGS = Rrqp
# environment
MFLAGS = -Rrqp
# automatic
*D = $(patsubst %/,%,$(dir $*))
# environment
TERM_PROGRAM_VERSION = 1.69.0
# environment
NVM_DIR = /Users/joseph/.nvm
# environment
XPC_SERVICE_NAME = application.com.microsoft.VSCode.55668117.55668123.CAA147CC-1DBD-4BF2-854E-6A80AA143543
# automatic
+D = $(patsubst %/,%,$(dir $+))
# automatic
+F = $(notdir $+)
# environment
__CF_USER_TEXT_ENCODING = 0x1F5:0x0:0x2
# environment
COMMAND_MODE = unix2003
# environment
GIT_ASKPASS = /Applications/Visual Studio Code.app/Contents/Resources/app/extensions/git/dist/askpass.sh
# default
MAKEFILES := 
# automatic
<F = $(notdir $<)
# environment
LC_ALL = C
# environment
SECURITYSESSIONID = 18cf0
# automatic
^F = $(notdir $^)
# default
SUFFIXES := 
# default
.INCLUDE_DIRS = /usr/local/include
# environment
VSCODE_GIT_IPC_HANDLE = /var/folders/hl/wbn180fx62j61mnxwtt3txnm0000gn/T/vscode-git-a1fcc22646.sock
# environment
LANG = C
# environment
TERM = xterm-256color
# environment
VSCODE_PID = 42061
# variable set hash-table stats:
# Load=78/1024=8%, Rehash=0, Collisions=3/104=3%

# Pattern-specific Variable Values

# No pattern-specific variable values.

# Directories

# . (device 16777225, inode 56007110): 14 files, no impossibilities.

# 14 files, no impossibilities in 1 directories.

# Implicit Rules

# No implicit rules.

# Files

setup:
#  Implicit rule search has not been done.
#  Modification time never checked.
#  File has not been updated.
#  commands to execute (from `Makefile', line 9):
	# Create python virtualenv & source it
	# source ~/.devops/bin/activate
	python3 -m venv ~/.devops
	

all: install lint test
#  Command-line target.
#  Implicit rule search has been done.
#  File does not exist.
#  File has been updated.
#  Needs to be updated (-q is set).
# variable set hash-table stats:
# Load=0/32=0%, Rehash=0, Collisions=0/2=0%

# Not a target:
.SUFFIXES:
#  Implicit rule search has not been done.
#  Modification time never checked.
#  File has not been updated.

# Not a target:
Makefile:
#  Implicit rule search has been done.
#  Last modified 2022-07-13 09:02:14
#  File has been updated.
#  Successfully updated.
# variable set hash-table stats:
# Load=0/32=0%, Rehash=0, Collisions=0/0=0%

test:
#  Implicit rule search has not been done.
#  Modification time never checked.
#  File has not been updated.
#  commands to execute (from `Makefile', line 19):
	# Additional, optional, tests could go here
	#python -m pytest -vv --cov=myrepolib tests/*.py
	#python -m pytest --nbval notebook.ipynb
	

# Not a target:
.DEFAULT:
#  Implicit rule search has not been done.
#  Modification time never checked.
#  File has not been updated.

lint:
#  Implicit rule search has not been done.
#  Modification time never checked.
#  File has not been updated.
#  commands to execute (from `Makefile', line 24):
	# See local hadolint install instructions:   https://github.com/hadolint/hadolint
	# This is linter for Dockerfiles
	hadolint Dockerfile
	# This is a linter for Python source code linter: https://www.pylint.org/
	# This should be run from inside a virtualenv
	pylint --disable=R,C,W1203,W1202 app.py
	

install:
#  Implicit rule search has not been done.
#  Implicit/static pattern stem: `'
#  File does not exist.
#  File has been updated.
#  Needs to be updated (-q is set).
# automatic
# @ := install
# automatic
# % := 
# automatic
# * := 
# automatic
# + := 
# automatic
# | := 
# automatic
# < := 
# automatic
# ^ := 
# automatic
# ? := 
# variable set hash-table stats:
# Load=8/32=25%, Rehash=0, Collisions=1/10=10%
#  commands to execute (from `Makefile', line 14):
	# This should be run from inside a virtualenv
	pip install --upgrade pip &&\
	pip install -r requirements.txt
	

# files hash-table stats:
# Load=8/1024=1%, Rehash=0, Collisions=0/25=0%
# VPATH Search Paths

# No `vpath' search paths.

# No general (`VPATH' variable) search path.

# # of strings in strcache: 1
# # of strcache buffers: 1
# strcache size: total = 4096 / max = 4096 / min = 4096 / avg = 4096
# strcache free: total = 4087 / max = 4087 / min = 4087 / avg = 4087

# Finished Make data base on Wed Jul 13 09:02:49 2022

 
